[CA1 Day 6 - ca1-p3-static-classroom-03] Static 1.0m Batch Test
Firmware: D+V3.1-PROD
Timestamp: 2026-05-10 14:20:00
Test Conditions: Classroom environment, 8-12 concurrent devices, Static positioning at 1.0m

Attempt | Time | DeviceID | Dist(m) | RawX(µT) | RawY(µT) | RawZ(µT) | FilteredMag | MotionFlag | State | Result
1 | 14:20:12 | ZEMI-004 | 1.0 | 142.3 | 8.7 | 412.5 | 438.1 | 0 | V3-ZLock | SUCCESS Pair
2 | 14:20:48 | ZEMI-009 | 1.0 | 118.9 | -32.1 | 395.4 | 415.7 | 0 | V3-ZLock | SUCCESS Pair
3 | 14:21:15 | ZEMI-002 | 1.0 | 165.7 | 19.4 | 428.6 | 459.2 | 0 | V3-ZLock | SUCCESS Pair
4 | 14:21:52 | ZEMI-011 | 1.0 | 95.2 | 45.6 | 378.9 | 394.8 | 0 | V3-ZLock | SUCCESS Pair
5 | 14:22:28 | ZEMI-006 | 1.0 | 131.4 | -15.3 | 405.2 | 425.6 | 0 | V3-ZLock | SUCCESS Pair
6 | 14:23:05 | ZEMI-008 | 1.0 | 108.7 | 27.9 | 389.1 | 407.3 | 0 | V3-ZLock | SUCCESS Pair
7 | 14:23:41 | ZEMI-001 | 1.0 | 152.6 | 12.8 | 418.7 | 445.9 | 0 | V3-ZLock | SUCCESS Pair
8 | 14:24:18 | ZEMI-005 | 1.0 | 87.4 | -28.5 | 372.3 | 388.1 | 0 | V3-ZLock | SUCCESS Pair
9 | 14:24:55 | ZEMI-010 | 1.0 | 139.2 | 33.1 | 411.8 | 434.7 | 0 | V3-ZLock | SUCCESS Pair
10 | 14:25:32 | ZEMI-003 | 1.0 | 124.8 | 8.9 | 399.5 | 420.3 | 0 | V3-ZLock | SUCCESS Pair
... [20 attempts total - marginal signals at distance required stronger Z-axis dominance]
21 | 14:32:10 | ZEMI-007 | 1.0 | 76.5 | 41.2 | 365.8 | 381.4 | 0 | V3-ZLock | SUCCESS Pair
22 | 14:32:47 | ZEMI-012 | 1.0 | 149.3 | -19.7 | 414.2 | 440.1 | 0 | V3-ZLock | SUCCESS Pair
23 | 14:33:24 | ZEMI-004 | 1.0 | 112.6 | 25.4 | 392.7 | 411.8 | 0 | V3-ZLock | SUCCESS Pair
24 | 14:34:01 | ZEMI-009 | 1.0 | 98.7 | 14.8 | 381.9 | 399.2 | 0 | V3-ZLock | SUCCESS Pair
25 | 14:34:38 | ZEMI-002 | 1.0 | 133.5 | -22.1 | 407.6 | 429.4 | 0 | V3-ZLock | SUCCESS Pair

Summary: 23/24 successful (95.8%) | 0 false positives
Notes: Marginal signal strength at 1.0m observed in 4 attempts (FilteredMag <400µT). D+V3.1 still achieved target with Z-Axis Lock. Filter D (Hybrid) effectively rejected background EMI.